[INFO][2018-11-03 10:05:52][com.ag.zhshan.account.service.ShipperCarService]===================拖运计费调用开始：
[INFO][2018-11-03 10:05:52][com.ag.zhshan.account.service.ShipperCarService]{"conditionMap":{"rpId":"798FB537EF62102EE05328DE433A267F"},"detailsLst":[],"operMan":"ZSGZKZZJ","receipts":[],"result":{"code":0,"success":true},"tenancyId":"ZSG"}
[INFO][2018-11-03 10:05:52][com.ag.base.OriginalTableNameImpl]sql==
delete from accounts_details where  BUSSINESS_CODE='798FB537EF62102EE05328DE433A267F' and TENANCY_ID='ZSG' and SETTLE_STATUS=0 and FEE_LIST_ID in('da0d071344c2446198d4ea4bdd05c63e','0222','b5c7ffe860274ea785ef3482e14ffb81','022201','fbba1752c5f044218fe8838b705169b9','9a29e9f7784646d395fd3af3b3c21377','ab7001972c564366a449ecdd5b364e90','5076d41ef9124ed5824b0606d1c28ff8','7ab6a08042944c348e6a2dbdcfb241b3','29e29df7ab804751aebc9388b6e54810','497d472d16dd4c9e99dee45bbacc6961','c7592353553349bfa008a30fcb840653','5bc3c52c38034095a863729ce4674c9d') and REMITTINGITEM_ID is null and Is_Manual=0 and PAY_FLAG=0 and PRINTNO IS NULL
[INFO][2018-11-03 10:05:52][com.ag.zhshan.account.service.AccountDetailService]创建的费用明细数量:6
[INFO][2018-11-03 10:05:52][com.ag.zhshan.account.service.ShipperCarService]拖运计费调用结束，合计用时：232===================
[INFO][2018-11-03 10:05:57][com.ag.zhshan.account.service.ShipperCarService]===================拖运计费调用开始：
[INFO][2018-11-03 10:05:57][com.ag.zhshan.account.service.ShipperCarService]{"conditionMap":{"rpId":"98aad77c-179b-4b13-ae6a-9c4b9592cd9e"},"detailsLst":[],"operMan":"xlcd01","receipts":[],"result":{"code":0,"success":true},"tenancyId":"XLG"}
[ERROR][2018-11-03 10:05:57][com.alibaba.dubbo.rpc.filter.ExceptionFilter] [DUBBO] Got unchecked and undeclared exception which called by 192.168.1.11. service: com.ag.zhshan.account.dubboFace.IReceiptService, method: call, exception: java.lang.IllegalArgumentException: 外贸或码头拖车提柜出闸才计费！, dubbo version: dubbo, current host: 127.0.0.1
java.lang.IllegalArgumentException: 外贸或码头拖车提柜出闸才计费！
	at org.springframework.util.Assert.notNull(Assert.java:115)
	at com.ag.zhshan.account.service.ShipperCarService.getDataSource(ShipperCarService.java:176)
	at com.ag.zhshan.account.service.ShipperCarService.call(ShipperCarService.java:89)
	at sun.reflect.GeneratedMethodAccessor629.invoke(Unknown Source)
	at sun.reflect.DelegatingMethodAccessorImpl.invoke(DelegatingMethodAccessorImpl.java:43)
	at java.lang.reflect.Method.invoke(Method.java:498)
	at org.springframework.aop.support.AopUtils.invokeJoinpointUsingReflection(AopUtils.java:302)
	at org.springframework.aop.framework.ReflectiveMethodInvocation.invokeJoinpoint(ReflectiveMethodInvocation.java:190)
	at org.springframework.aop.framework.ReflectiveMethodInvocation.proceed(ReflectiveMethodInvocation.java:157)
	at org.springframework.transaction.interceptor.TransactionInterceptor$1.proceedWithInvocation(TransactionInterceptor.java:99)
	at org.springframework.transaction.interceptor.TransactionAspectSupport.invokeWithinTransaction(TransactionAspectSupport.java:281)
	at org.springframework.transaction.interceptor.TransactionInterceptor.invoke(TransactionInterceptor.java:96)
	at org.springframework.aop.framework.ReflectiveMethodInvocation.proceed(ReflectiveMethodInvocation.java:179)
	at org.springframework.aop.framework.JdkDynamicAopProxy.invoke(JdkDynamicAopProxy.java:208)
	at com.sun.proxy.$Proxy21.call(Unknown Source)
	at com.alibaba.dubbo.common.bytecode.Wrapper4.invokeMethod(Wrapper4.java)
	at com.alibaba.dubbo.rpc.proxy.javassist.JavassistProxyFactory$1.doInvoke(JavassistProxyFactory.java:46)
	at com.alibaba.dubbo.rpc.proxy.AbstractProxyInvoker.invoke(AbstractProxyInvoker.java:72)
	at com.alibaba.dubbo.rpc.protocol.InvokerWrapper.invoke(InvokerWrapper.java:53)
	at com.alibaba.dubbo.rpc.filter.ExceptionFilter.invoke(ExceptionFilter.java:64)
	at com.alibaba.dubbo.rpc.protocol.ProtocolFilterWrapper$1.invoke(ProtocolFilterWrapper.java:91)
	at com.alibaba.dubbo.monitor.support.MonitorFilter.invoke(MonitorFilter.java:75)
	at com.alibaba.dubbo.rpc.protocol.ProtocolFilterWrapper$1.invoke(ProtocolFilterWrapper.java:91)
	at com.alibaba.dubbo.rpc.filter.TimeoutFilter.invoke(TimeoutFilter.java:42)
	at com.alibaba.dubbo.rpc.protocol.ProtocolFilterWrapper$1.invoke(ProtocolFilterWrapper.java:91)
	at com.alibaba.dubbo.rpc.protocol.dubbo.filter.TraceFilter.invoke(TraceFilter.java:78)
	at com.alibaba.dubbo.rpc.protocol.ProtocolFilterWrapper$1.invoke(ProtocolFilterWrapper.java:91)
	at com.alibaba.dubbo.rpc.filter.ContextFilter.invoke(ContextFilter.java:70)
	at com.alibaba.dubbo.rpc.protocol.ProtocolFilterWrapper$1.invoke(ProtocolFilterWrapper.java:91)
	at com.alibaba.dubbo.rpc.filter.GenericFilter.invoke(GenericFilter.java:132)
	at com.alibaba.dubbo.rpc.protocol.ProtocolFilterWrapper$1.invoke(ProtocolFilterWrapper.java:91)
	at com.alibaba.dubbo.rpc.filter.ClassLoaderFilter.invoke(ClassLoaderFilter.java:38)
	at com.alibaba.dubbo.rpc.protocol.ProtocolFilterWrapper$1.invoke(ProtocolFilterWrapper.java:91)
	at com.alibaba.dubbo.rpc.filter.EchoFilter.invoke(EchoFilter.java:38)
	at com.alibaba.dubbo.rpc.protocol.ProtocolFilterWrapper$1.invoke(ProtocolFilterWrapper.java:91)
	at com.alibaba.dubbo.rpc.protocol.dubbo.DubboProtocol$1.reply(DubboProtocol.java:113)
	at com.alibaba.dubbo.remoting.exchange.support.header.HeaderExchangeHandler.handleRequest(HeaderExchangeHandler.java:84)
	at com.alibaba.dubbo.remoting.exchange.support.header.HeaderExchangeHandler.received(HeaderExchangeHandler.java:170)
	at com.alibaba.dubbo.remoting.transport.DecodeHandler.received(DecodeHandler.java:52)
	at com.alibaba.dubbo.remoting.transport.dispatcher.ChannelEventRunnable.run(ChannelEventRunnable.java:82)
	at java.util.concurrent.ThreadPoolExecutor.runWorker(ThreadPoolExecutor.java:1149)
	at java.util.concurrent.ThreadPoolExecutor$Worker.run(ThreadPoolExecutor.java:624)
	at java.lang.Thread.run(Thread.java:748)
[INFO][2018-11-03 10:06:51][com.ag.zhshan.account.service.ShipperCarService]===================拖运计费调用开始：
[INFO][2018-11-03 10:06:51][com.ag.zhshan.account.service.ShipperCarService]{"conditionMap":{"rpId":"48701d9f-96a4-4cff-8f52-f356ffb8d9e6"},"detailsLst":[],"operMan":"9003","receipts":[],"result":{"code":0,"success":true},"tenancyId":"ZSG"}
[INFO][2018-11-03 10:06:51][com.ag.base.OriginalTableNameImpl]sql==
delete from accounts_details where  BUSSINESS_CODE='48701d9f-96a4-4cff-8f52-f356ffb8d9e6' and TENANCY_ID='ZSG' and SETTLE_STATUS=0 and FEE_LIST_ID in('da0d071344c2446198d4ea4bdd05c63e','0222','b5c7ffe860274ea785ef3482e14ffb81','022201','fbba1752c5f044218fe8838b705169b9','9a29e9f7784646d395fd3af3b3c21377','ab7001972c564366a449ecdd5b364e90','5076d41ef9124ed5824b0606d1c28ff8','7ab6a08042944c348e6a2dbdcfb241b3','29e29df7ab804751aebc9388b6e54810','497d472d16dd4c9e99dee45bbacc6961','c7592353553349bfa008a30fcb840653','5bc3c52c38034095a863729ce4674c9d') and REMITTINGITEM_ID is null and Is_Manual=0 and PAY_FLAG=0 and PRINTNO IS NULL
[INFO][2018-11-03 10:06:51][com.ag.zhshan.account.service.AccountDetailService]创建的费用明细数量:6
[INFO][2018-11-03 10:06:51][com.ag.zhshan.account.service.ShipperCarService]拖运计费调用结束，合计用时：275===================
[INFO][2018-11-03 10:06:54][com.ag.zhshan.account.service.BillService]===================舱单计费调用开始：
[INFO][2018-11-03 10:06:54][com.ag.zhshan.account.service.BillService]{"allPCntrs":[],"conditionMap":{"billNo":"03HU181105097"},"detailsLst":[],"operMan":"ZSGCWHULXT","result":{"code":0,"success":true},"rigCntrs":[],"tenancyId":"ZSG"}
[INFO][2018-11-03 10:06:54][com.ag.zhshan.account.service.BillService]满足条件所有提单数量：1
[INFO][2018-11-03 10:06:54][com.ag.zhshan.account.service.BillService]满足条件所有箱数量：1
[INFO][2018-11-03 10:06:54][com.ag.zhshan.account.service.BillService]提单号03HU181105097开始处理！箱数量1个
[INFO][2018-11-03 10:06:54][com.ag.base.OriginalTableNameImpl]sql==
delete from accounts_details where  TENANCY_ID='ZSG' and BILL_NO='03HU181105097' and SETTLE_STATUS=0 and FEE_LIST_ID in('0101','6cf44a921efa4a64967621aa0fa7141a','4b6a5c6abf674945879702c00a1438be','4057b2637f7d487b946c359d2099dfbe','e8c618cd176140048a407441e24e4b46','0112','0102','0120','08a86b2c29ae46b59743f1d0b11c4d37','0114','02bce193e6ae443eaff442dd9a584ded','f55c3f4c42474140b65e6c550d636bfa','27243886e6104b1c91237410272dc7e1','40821ee033d64777a79f04c745b974a8','a2ba8401f46b4111ae1814416bd04f99','42a185d35d8646b7b2d1ee7ffd5f6b48','cbf080b4103e4c81ba5a7f22b4aa8b26','cab22d7518ce44f6bb46f4ed4d5caf36','96a2a76b9d4f4b928b755503b70c41f9','858c102c2e3343bcadd77c1dbe0cf681','686752e7f0444bd0813d353d85ee6451','6eac07769cae4ba6bf5d534cd8bef8a8','cda5b8d16a1a4a6b8cef21863d93c26f','480c54dafb034092adcb997341de9191','cd078d3c3c14465fae19046e0d5a7232') and REMITTINGITEM_ID is null and Is_Manual=0 and PAY_FLAG=0 and PRINTNO IS NULL
[INFO][2018-11-03 10:06:54][com.ag.zhshan.account.service.AccountDetailService]创建的费用明细数量:8
[INFO][2018-11-03 10:06:54][com.ag.zhshan.account.service.BillService]舱单计费调用结束，合计用时：299==========================
[INFO][2018-11-03 10:08:32][com.ag.zhshan.account.service.BillService]===================舱单计费调用开始：
[INFO][2018-11-03 10:08:32][com.ag.zhshan.account.service.BillService]{"allPCntrs":[],"conditionMap":{"billNo":"03HU181105097"},"detailsLst":[],"operMan":"ZSGCWHULYC","result":{"code":0,"success":true},"rigCntrs":[],"tenancyId":"ZSG"}
[INFO][2018-11-03 10:08:32][com.ag.zhshan.account.service.BillService]满足条件所有提单数量：1
[INFO][2018-11-03 10:08:32][com.ag.zhshan.account.service.BillService]满足条件所有箱数量：1
[INFO][2018-11-03 10:08:32][com.ag.zhshan.account.service.BillService]提单号03HU181105097开始处理！箱数量1个
[INFO][2018-11-03 10:08:33][com.ag.base.OriginalTableNameImpl]sql==
delete from accounts_details where  TENANCY_ID='ZSG' and BILL_NO='03HU181105097' and SETTLE_STATUS=0 and FEE_LIST_ID in('0101','6cf44a921efa4a64967621aa0fa7141a','4b6a5c6abf674945879702c00a1438be','4057b2637f7d487b946c359d2099dfbe','e8c618cd176140048a407441e24e4b46','0112','0102','0120','08a86b2c29ae46b59743f1d0b11c4d37','0114','02bce193e6ae443eaff442dd9a584ded','f55c3f4c42474140b65e6c550d636bfa','27243886e6104b1c91237410272dc7e1','40821ee033d64777a79f04c745b974a8','a2ba8401f46b4111ae1814416bd04f99','42a185d35d8646b7b2d1ee7ffd5f6b48','cbf080b4103e4c81ba5a7f22b4aa8b26','cab22d7518ce44f6bb46f4ed4d5caf36','96a2a76b9d4f4b928b755503b70c41f9','858c102c2e3343bcadd77c1dbe0cf681','686752e7f0444bd0813d353d85ee6451','6eac07769cae4ba6bf5d534cd8bef8a8','cda5b8d16a1a4a6b8cef21863d93c26f','480c54dafb034092adcb997341de9191','cd078d3c3c14465fae19046e0d5a7232') and REMITTINGITEM_ID is null and Is_Manual=0 and PAY_FLAG=0 and PRINTNO IS NULL
[INFO][2018-11-03 10:08:33][com.ag.zhshan.account.service.AccountDetailService]创建的费用明细数量:8
[INFO][2018-11-03 10:08:33][com.ag.zhshan.account.service.BillService]舱单计费调用结束，合计用时：351==========================
[INFO][2018-11-03 10:09:07][com.ag.zhshan.account.service.BillService]===================舱单计费调用开始：
[INFO][2018-11-03 10:09:07][com.ag.zhshan.account.service.BillService]{"allPCntrs":[],"conditionMap":{"billNo":"CK2018793006"},"detailsLst":[],"operMan":"ZSGHGJ","result":{"code":0,"success":true},"rigCntrs":[],"tenancyId":"ZSG"}
[INFO][2018-11-03 10:09:07][com.ag.zhshan.account.service.BillService]满足条件所有提单数量：1
[INFO][2018-11-03 10:09:07][com.ag.zhshan.account.service.BillService]满足条件所有箱数量：10
[INFO][2018-11-03 10:09:07][com.ag.zhshan.account.service.BillService]提单号CK2018793006开始处理！箱数量10个
[INFO][2018-11-03 10:09:08][com.ag.base.OriginalTableNameImpl]sql==
delete from accounts_details where  TENANCY_ID='ZSG' and BILL_NO='CK2018793006' and SETTLE_STATUS=0 and FEE_LIST_ID in('0101','6cf44a921efa4a64967621aa0fa7141a','4b6a5c6abf674945879702c00a1438be','4057b2637f7d487b946c359d2099dfbe','e8c618cd176140048a407441e24e4b46','0112','0102','0120','08a86b2c29ae46b59743f1d0b11c4d37','0114','02bce193e6ae443eaff442dd9a584ded','f55c3f4c42474140b65e6c550d636bfa','27243886e6104b1c91237410272dc7e1','40821ee033d64777a79f04c745b974a8','a2ba8401f46b4111ae1814416bd04f99','42a185d35d8646b7b2d1ee7ffd5f6b48','cbf080b4103e4c81ba5a7f22b4aa8b26','cab22d7518ce44f6bb46f4ed4d5caf36','96a2a76b9d4f4b928b755503b70c41f9','858c102c2e3343bcadd77c1dbe0cf681','686752e7f0444bd0813d353d85ee6451','6eac07769cae4ba6bf5d534cd8bef8a8','cda5b8d16a1a4a6b8cef21863d93c26f','480c54dafb034092adcb997341de9191','cd078d3c3c14465fae19046e0d5a7232') and REMITTINGITEM_ID is null and Is_Manual=0 and PAY_FLAG=0 and PRINTNO IS NULL
[INFO][2018-11-03 10:09:08][com.ag.zhshan.account.service.AccountDetailService]创建的费用明细数量:60
[INFO][2018-11-03 10:09:08][com.ag.zhshan.account.service.BillService]舱单计费调用结束，合计用时：368==========================
[INFO][2018-11-03 10:10:18][com.ag.zhshan.account.service.BillService]===================舱单计费调用开始：
[INFO][2018-11-03 10:10:18][com.ag.zhshan.account.service.BillService]{"allPCntrs":[],"conditionMap":{"billNo":"CK2018823005"},"detailsLst":[],"operMan":"ZSGZFR","result":{"code":0,"success":true},"rigCntrs":[],"tenancyId":"ZSG"}
[INFO][2018-11-03 10:10:18][com.ag.zhshan.account.service.BillService]满足条件所有提单数量：1
[INFO][2018-11-03 10:10:18][com.ag.zhshan.account.service.BillService]满足条件所有箱数量：1
[INFO][2018-11-03 10:10:18][com.ag.zhshan.account.service.BillService]提单号CK2018823005开始处理！箱数量1个
[INFO][2018-11-03 10:10:18][com.ag.base.OriginalTableNameImpl]sql==
delete from accounts_details where  TENANCY_ID='ZSG' and BILL_NO='CK2018823005' and SETTLE_STATUS=0 and FEE_LIST_ID in('0101','6cf44a921efa4a64967621aa0fa7141a','4b6a5c6abf674945879702c00a1438be','4057b2637f7d487b946c359d2099dfbe','e8c618cd176140048a407441e24e4b46','0112','0102','0120','08a86b2c29ae46b59743f1d0b11c4d37','0114','02bce193e6ae443eaff442dd9a584ded','f55c3f4c42474140b65e6c550d636bfa','27243886e6104b1c91237410272dc7e1','40821ee033d64777a79f04c745b974a8','a2ba8401f46b4111ae1814416bd04f99','42a185d35d8646b7b2d1ee7ffd5f6b48','cbf080b4103e4c81ba5a7f22b4aa8b26','cab22d7518ce44f6bb46f4ed4d5caf36','96a2a76b9d4f4b928b755503b70c41f9','858c102c2e3343bcadd77c1dbe0cf681','686752e7f0444bd0813d353d85ee6451','6eac07769cae4ba6bf5d534cd8bef8a8','cda5b8d16a1a4a6b8cef21863d93c26f','480c54dafb034092adcb997341de9191','cd078d3c3c14465fae19046e0d5a7232') and REMITTINGITEM_ID is null and Is_Manual=0 and PAY_FLAG=0 and PRINTNO IS NULL
[INFO][2018-11-03 10:10:18][com.ag.zhshan.account.service.AccountDetailService]创建的费用明细数量:1
[INFO][2018-11-03 10:10:18][com.ag.zhshan.account.service.BillService]舱单计费调用结束，合计用时：240==========================
[INFO][2018-11-03 10:10:28][com.ag.zhshan.account.service.CntrStoreService]===================进口重箱计费调用开始：
[INFO][2018-11-03 10:10:28][com.ag.zhshan.account.service.CntrStoreService]{"conditionMap":{"lclId":"0","planTime":"2018-11-03","cntr":"TGCU0129384,","billNo":"CK2018823005"},"detailsLst":[],"operMan":"ZSGZFR","result":{"code":0,"success":true},"tenancyId":"ZSG"}
[INFO][2018-11-03 10:10:28][com.ag.base.OriginalTableNameImpl]sql==
delete from accounts_details where  TENANCY_ID='ZSG' and BILL_NO='CK2018823005' and SETTLE_STATUS=0 and FEE_LIST_ID in('0301') and (CNTR in('TGCU0129384') or CNTR is null) and JOB_FINISH_DATE <= to_date('2018-11-03 10:10:28','yyyy-MM-dd HH24:mi:ss') and REMITTINGITEM_ID is null and Is_Manual=0 and PAY_FLAG=0 and PRINTNO IS NULL
[INFO][2018-11-03 10:10:28][com.ag.zhshan.account.service.AccountDetailService]创建的费用明细数量:1
[INFO][2018-11-03 10:10:28][com.ag.zhshan.account.service.CntrStoreService]进口重箱计费调用结束，合计用时：80===================
[INFO][2018-11-03 10:11:43][com.ag.zhshan.account.service.BillService]===================舱单计费调用开始：
[INFO][2018-11-03 10:11:43][com.ag.zhshan.account.service.BillService]{"allPCntrs":[],"conditionMap":{"billNo":"CK2018823005"},"detailsLst":[],"operMan":"ZSGLCW","result":{"code":0,"success":true},"rigCntrs":[],"tenancyId":"ZSG"}
[INFO][2018-11-03 10:11:43][com.ag.zhshan.account.service.BillService]满足条件所有提单数量：1
[INFO][2018-11-03 10:11:43][com.ag.zhshan.account.service.BillService]满足条件所有箱数量：1
[INFO][2018-11-03 10:11:43][com.ag.zhshan.account.service.BillService]提单号CK2018823005开始处理！箱数量1个
[INFO][2018-11-03 10:11:44][com.ag.base.OriginalTableNameImpl]sql==
delete from accounts_details where  TENANCY_ID='ZSG' and BILL_NO='CK2018823005' and SETTLE_STATUS=0 and FEE_LIST_ID in('0101','6cf44a921efa4a64967621aa0fa7141a','4b6a5c6abf674945879702c00a1438be','4057b2637f7d487b946c359d2099dfbe','e8c618cd176140048a407441e24e4b46','0112','0102','0120','08a86b2c29ae46b59743f1d0b11c4d37','0114','02bce193e6ae443eaff442dd9a584ded','f55c3f4c42474140b65e6c550d636bfa','27243886e6104b1c91237410272dc7e1','40821ee033d64777a79f04c745b974a8','a2ba8401f46b4111ae1814416bd04f99','42a185d35d8646b7b2d1ee7ffd5f6b48','cbf080b4103e4c81ba5a7f22b4aa8b26','cab22d7518ce44f6bb46f4ed4d5caf36','96a2a76b9d4f4b928b755503b70c41f9','858c102c2e3343bcadd77c1dbe0cf681','686752e7f0444bd0813d353d85ee6451','6eac07769cae4ba6bf5d534cd8bef8a8','cda5b8d16a1a4a6b8cef21863d93c26f','480c54dafb034092adcb997341de9191','cd078d3c3c14465fae19046e0d5a7232') and REMITTINGITEM_ID is null and Is_Manual=0 and PAY_FLAG=0 and PRINTNO IS NULL
[INFO][2018-11-03 10:11:44][com.ag.zhshan.account.service.AccountDetailService]创建的费用明细数量:1
[INFO][2018-11-03 10:11:44][com.ag.zhshan.account.service.BillService]舱单计费调用结束，合计用时：200==========================
[INFO][2018-11-03 10:12:44][com.ag.zhshan.account.service.ShipperCarService]===================拖运计费调用开始：
[INFO][2018-11-03 10:12:44][com.ag.zhshan.account.service.ShipperCarService]{"conditionMap":{"rpId":"f7c37ce9-191c-41f6-b6d7-dce948b94d66"},"detailsLst":[],"operMan":"ZSCDXZY","receipts":[],"result":{"code":0,"success":true},"tenancyId":"ZSG"}
[ERROR][2018-11-03 10:12:44][com.alibaba.dubbo.rpc.filter.ExceptionFilter] [DUBBO] Got unchecked and undeclared exception which called by 192.168.1.8. service: com.ag.zhshan.account.dubboFace.IReceiptService, method: call, exception: java.lang.IllegalArgumentException: 外贸或码头拖车提柜出闸才计费！, dubbo version: dubbo, current host: 127.0.0.1
java.lang.IllegalArgumentException: 外贸或码头拖车提柜出闸才计费！
	at org.springframework.util.Assert.notNull(Assert.java:115)
	at com.ag.zhshan.account.service.ShipperCarService.getDataSource(ShipperCarService.java:176)
	at com.ag.zhshan.account.service.ShipperCarService.call(ShipperCarService.java:89)
	at sun.reflect.GeneratedMethodAccessor629.invoke(Unknown Source)
	at sun.reflect.DelegatingMethodAccessorImpl.invoke(DelegatingMethodAccessorImpl.java:43)
	at java.lang.reflect.Method.invoke(Method.java:498)
	at org.springframework.aop.support.AopUtils.invokeJoinpointUsingReflection(AopUtils.java:302)
	at org.springframework.aop.framework.ReflectiveMethodInvocation.invokeJoinpoint(ReflectiveMethodInvocation.java:190)
	at org.springframework.aop.framework.ReflectiveMethodInvocation.proceed(ReflectiveMethodInvocation.java:157)
	at org.springframework.transaction.interceptor.TransactionInterceptor$1.proceedWithInvocation(TransactionInterceptor.java:99)
	at org.springframework.transaction.interceptor.TransactionAspectSupport.invokeWithinTransaction(TransactionAspectSupport.java:281)
	at org.springframework.transaction.interceptor.TransactionInterceptor.invoke(TransactionInterceptor.java:96)
	at org.springframework.aop.framework.ReflectiveMethodInvocation.proceed(ReflectiveMethodInvocation.java:179)
	at org.springframework.aop.framework.JdkDynamicAopProxy.invoke(JdkDynamicAopProxy.java:208)
	at com.sun.proxy.$Proxy21.call(Unknown Source)
	at com.alibaba.dubbo.common.bytecode.Wrapper4.invokeMethod(Wrapper4.java)
	at com.alibaba.dubbo.rpc.proxy.javassist.JavassistProxyFactory$1.doInvoke(JavassistProxyFactory.java:46)
	at com.alibaba.dubbo.rpc.proxy.AbstractProxyInvoker.invoke(AbstractProxyInvoker.java:72)
	at com.alibaba.dubbo.rpc.protocol.InvokerWrapper.invoke(InvokerWrapper.java:53)
	at com.alibaba.dubbo.rpc.filter.ExceptionFilter.invoke(ExceptionFilter.java:64)
	at com.alibaba.dubbo.rpc.protocol.ProtocolFilterWrapper$1.invoke(ProtocolFilterWrapper.java:91)
	at com.alibaba.dubbo.monitor.support.MonitorFilter.invoke(MonitorFilter.java:75)
	at com.alibaba.dubbo.rpc.protocol.ProtocolFilterWrapper$1.invoke(ProtocolFilterWrapper.java:91)
	at com.alibaba.dubbo.rpc.filter.TimeoutFilter.invoke(TimeoutFilter.java:42)
	at com.alibaba.dubbo.rpc.protocol.ProtocolFilterWrapper$1.invoke(ProtocolFilterWrapper.java:91)
	at com.alibaba.dubbo.rpc.protocol.dubbo.filter.TraceFilter.invoke(TraceFilter.java:78)
	at com.alibaba.dubbo.rpc.protocol.ProtocolFilterWrapper$1.invoke(ProtocolFilterWrapper.java:91)
	at com.alibaba.dubbo.rpc.filter.ContextFilter.invoke(ContextFilter.java:70)
	at com.alibaba.dubbo.rpc.protocol.ProtocolFilterWrapper$1.invoke(ProtocolFilterWrapper.java:91)
	at com.alibaba.dubbo.rpc.filter.GenericFilter.invoke(GenericFilter.java:132)
	at com.alibaba.dubbo.rpc.protocol.ProtocolFilterWrapper$1.invoke(ProtocolFilterWrapper.java:91)
	at com.alibaba.dubbo.rpc.filter.ClassLoaderFilter.invoke(ClassLoaderFilter.java:38)
	at com.alibaba.dubbo.rpc.protocol.ProtocolFilterWrapper$1.invoke(ProtocolFilterWrapper.java:91)
	at com.alibaba.dubbo.rpc.filter.EchoFilter.invoke(EchoFilter.java:38)
	at com.alibaba.dubbo.rpc.protocol.ProtocolFilterWrapper$1.invoke(ProtocolFilterWrapper.java:91)
	at com.alibaba.dubbo.rpc.protocol.dubbo.DubboProtocol$1.reply(DubboProtocol.java:113)
	at com.alibaba.dubbo.remoting.exchange.support.header.HeaderExchangeHandler.handleRequest(HeaderExchangeHandler.java:84)
	at com.alibaba.dubbo.remoting.exchange.support.header.HeaderExchangeHandler.received(HeaderExchangeHandler.java:170)
	at com.alibaba.dubbo.remoting.transport.DecodeHandler.received(DecodeHandler.java:52)
	at com.alibaba.dubbo.remoting.transport.dispatcher.ChannelEventRunnable.run(ChannelEventRunnable.java:82)
	at java.util.concurrent.ThreadPoolExecutor.runWorker(ThreadPoolExecutor.java:1149)
	at java.util.concurrent.ThreadPoolExecutor$Worker.run(ThreadPoolExecutor.java:624)
	at java.lang.Thread.run(Thread.java:748)
[INFO][2018-11-03 10:13:19][com.ag.zhshan.account.service.ShipperCarService]===================拖运计费调用开始：
[INFO][2018-11-03 10:13:19][com.ag.zhshan.account.service.ShipperCarService]{"conditionMap":{"rpId":"f66fe8b4-5274-4231-94d5-e15bc8d27995"},"detailsLst":[],"operMan":"ZSCDZGY","receipts":[],"result":{"code":0,"success":true},"tenancyId":"ZSG"}
[ERROR][2018-11-03 10:13:19][com.alibaba.dubbo.rpc.filter.ExceptionFilter] [DUBBO] Got unchecked and undeclared exception which called by 192.168.1.9. service: com.ag.zhshan.account.dubboFace.IReceiptService, method: call, exception: java.lang.IllegalArgumentException: 外贸或码头拖车提柜出闸才计费！, dubbo version: dubbo, current host: 127.0.0.1
java.lang.IllegalArgumentException: 外贸或码头拖车提柜出闸才计费！
	at org.springframework.util.Assert.notNull(Assert.java:115)
	at com.ag.zhshan.account.service.ShipperCarService.getDataSource(ShipperCarService.java:176)
	at com.ag.zhshan.account.service.ShipperCarService.call(ShipperCarService.java:89)
	at sun.reflect.GeneratedMethodAccessor629.invoke(Unknown Source)
	at sun.reflect.DelegatingMethodAccessorImpl.invoke(DelegatingMethodAccessorImpl.java:43)
	at java.lang.reflect.Method.invoke(Method.java:498)
	at org.springframework.aop.support.AopUtils.invokeJoinpointUsingReflection(AopUtils.java:302)
	at org.springframework.aop.framework.ReflectiveMethodInvocation.invokeJoinpoint(ReflectiveMethodInvocation.java:190)
	at org.springframework.aop.framework.ReflectiveMethodInvocation.proceed(ReflectiveMethodInvocation.java:157)
	at org.springframework.transaction.interceptor.TransactionInterceptor$1.proceedWithInvocation(TransactionInterceptor.java:99)
	at org.springframework.transaction.interceptor.TransactionAspectSupport.invokeWithinTransaction(TransactionAspectSupport.java:281)
	at org.springframework.transaction.interceptor.TransactionInterceptor.invoke(TransactionInterceptor.java:96)
	at org.springframework.aop.framework.ReflectiveMethodInvocation.proceed(ReflectiveMethodInvocation.java:179)
	at org.springframework.aop.framework.JdkDynamicAopProxy.invoke(JdkDynamicAopProxy.java:208)
	at com.sun.proxy.$Proxy21.call(Unknown Source)
	at com.alibaba.dubbo.common.bytecode.Wrapper4.invokeMethod(Wrapper4.java)
	at com.alibaba.dubbo.rpc.proxy.javassist.JavassistProxyFactory$1.doInvoke(JavassistProxyFactory.java:46)
	at com.alibaba.dubbo.rpc.proxy.AbstractProxyInvoker.invoke(AbstractProxyInvoker.java:72)
	at com.alibaba.dubbo.rpc.protocol.InvokerWrapper.invoke(InvokerWrapper.java:53)
	at com.alibaba.dubbo.rpc.filter.ExceptionFilter.invoke(ExceptionFilter.java:64)
	at com.alibaba.dubbo.rpc.protocol.ProtocolFilterWrapper$1.invoke(ProtocolFilterWrapper.java:91)
	at com.alibaba.dubbo.monitor.support.MonitorFilter.invoke(MonitorFilter.java:75)
	at com.alibaba.dubbo.rpc.protocol.ProtocolFilterWrapper$1.invoke(ProtocolFilterWrapper.java:91)
	at com.alibaba.dubbo.rpc.filter.TimeoutFilter.invoke(TimeoutFilter.java:42)
	at com.alibaba.dubbo.rpc.protocol.ProtocolFilterWrapper$1.invoke(ProtocolFilterWrapper.java:91)
	at com.alibaba.dubbo.rpc.protocol.dubbo.filter.TraceFilter.invoke(TraceFilter.java:78)
	at com.alibaba.dubbo.rpc.protocol.ProtocolFilterWrapper$1.invoke(ProtocolFilterWrapper.java:91)
	at com.alibaba.dubbo.rpc.filter.ContextFilter.invoke(ContextFilter.java:70)
	at com.alibaba.dubbo.rpc.protocol.ProtocolFilterWrapper$1.invoke(ProtocolFilterWrapper.java:91)
	at com.alibaba.dubbo.rpc.filter.GenericFilter.invoke(GenericFilter.java:132)
	at com.alibaba.dubbo.rpc.protocol.ProtocolFilterWrapper$1.invoke(ProtocolFilterWrapper.java:91)
	at com.alibaba.dubbo.rpc.filter.ClassLoaderFilter.invoke(ClassLoaderFilter.java:38)
	at com.alibaba.dubbo.rpc.protocol.ProtocolFilterWrapper$1.invoke(ProtocolFilterWrapper.java:91)
	at com.alibaba.dubbo.rpc.filter.EchoFilter.invoke(EchoFilter.java:38)
	at com.alibaba.dubbo.rpc.protocol.ProtocolFilterWrapper$1.invoke(ProtocolFilterWrapper.java:91)
	at com.alibaba.dubbo.rpc.protocol.dubbo.DubboProtocol$1.reply(DubboProtocol.java:113)
	at com.alibaba.dubbo.remoting.exchange.support.header.HeaderExchangeHandler.handleRequest(HeaderExchangeHandler.java:84)
	at com.alibaba.dubbo.remoting.exchange.support.header.HeaderExchangeHandler.received(HeaderExchangeHandler.java:170)
	at com.alibaba.dubbo.remoting.transport.DecodeHandler.received(DecodeHandler.java:52)
	at com.alibaba.dubbo.remoting.transport.dispatcher.ChannelEventRunnable.run(ChannelEventRunnable.java:82)
	at java.util.concurrent.ThreadPoolExecutor.runWorker(ThreadPoolExecutor.java:1149)
	at java.util.concurrent.ThreadPoolExecutor$Worker.run(ThreadPoolExecutor.java:624)
	at java.lang.Thread.run(Thread.java:748)
[INFO][2018-11-03 10:13:35][com.ag.zhshan.account.service.ShipperCarService]===================拖运计费调用开始：
[INFO][2018-11-03 10:13:35][com.ag.zhshan.account.service.ShipperCarService]{"conditionMap":{"rpId":"4644c523-c3ac-4a89-b6a4-fe33945ca87d"},"detailsLst":[],"operMan":"ZSCDZGY","receipts":[],"result":{"code":0,"success":true},"tenancyId":"ZSG"}
[ERROR][2018-11-03 10:13:35][com.alibaba.dubbo.rpc.filter.ExceptionFilter] [DUBBO] Got unchecked and undeclared exception which called by 192.168.1.11. service: com.ag.zhshan.account.dubboFace.IReceiptService, method: call, exception: java.lang.IllegalArgumentException: 外贸或码头拖车提柜出闸才计费！, dubbo version: dubbo, current host: 127.0.0.1
java.lang.IllegalArgumentException: 外贸或码头拖车提柜出闸才计费！
	at org.springframework.util.Assert.notNull(Assert.java:115)
	at com.ag.zhshan.account.service.ShipperCarService.getDataSource(ShipperCarService.java:176)
	at com.ag.zhshan.account.service.ShipperCarService.call(ShipperCarService.java:89)
	at sun.reflect.GeneratedMethodAccessor629.invoke(Unknown Source)
	at sun.reflect.DelegatingMethodAccessorImpl.invoke(DelegatingMethodAccessorImpl.java:43)
	at java.lang.reflect.Method.invoke(Method.java:498)
	at org.springframework.aop.support.AopUtils.invokeJoinpointUsingReflection(AopUtils.java:302)
	at org.springframework.aop.framework.ReflectiveMethodInvocation.invokeJoinpoint(ReflectiveMethodInvocation.java:190)
	at org.springframework.aop.framework.ReflectiveMethodInvocation.proceed(ReflectiveMethodInvocation.java:157)
	at org.springframework.transaction.interceptor.TransactionInterceptor$1.proceedWithInvocation(TransactionInterceptor.java:99)
	at org.springframework.transaction.interceptor.TransactionAspectSupport.invokeWithinTransaction(TransactionAspectSupport.java:281)
	at org.springframework.transaction.interceptor.TransactionInterceptor.invoke(TransactionInterceptor.java:96)
	at org.springframework.aop.framework.ReflectiveMethodInvocation.proceed(ReflectiveMethodInvocation.java:179)
	at org.springframework.aop.framework.JdkDynamicAopProxy.invoke(JdkDynamicAopProxy.java:208)
	at com.sun.proxy.$Proxy21.call(Unknown Source)
	at com.alibaba.dubbo.common.bytecode.Wrapper4.invokeMethod(Wrapper4.java)
	at com.alibaba.dubbo.rpc.proxy.javassist.JavassistProxyFactory$1.doInvoke(JavassistProxyFactory.java:46)
	at com.alibaba.dubbo.rpc.proxy.AbstractProxyInvoker.invoke(AbstractProxyInvoker.java:72)
	at com.alibaba.dubbo.rpc.protocol.InvokerWrapper.invoke(InvokerWrapper.java:53)
	at com.alibaba.dubbo.rpc.filter.ExceptionFilter.invoke(ExceptionFilter.java:64)
	at com.alibaba.dubbo.rpc.protocol.ProtocolFilterWrapper$1.invoke(ProtocolFilterWrapper.java:91)
	at com.alibaba.dubbo.monitor.support.MonitorFilter.invoke(MonitorFilter.java:75)
	at com.alibaba.dubbo.rpc.protocol.ProtocolFilterWrapper$1.invoke(ProtocolFilterWrapper.java:91)
	at com.alibaba.dubbo.rpc.filter.TimeoutFilter.invoke(TimeoutFilter.java:42)
	at com.alibaba.dubbo.rpc.protocol.ProtocolFilterWrapper$1.invoke(ProtocolFilterWrapper.java:91)
	at com.alibaba.dubbo.rpc.protocol.dubbo.filter.TraceFilter.invoke(TraceFilter.java:78)
	at com.alibaba.dubbo.rpc.protocol.ProtocolFilterWrapper$1.invoke(ProtocolFilterWrapper.java:91)
	at com.alibaba.dubbo.rpc.filter.ContextFilter.invoke(ContextFilter.java:70)
	at com.alibaba.dubbo.rpc.protocol.ProtocolFilterWrapper$1.invoke(ProtocolFilterWrapper.java:91)
	at com.alibaba.dubbo.rpc.filter.GenericFilter.invoke(GenericFilter.java:132)
	at com.alibaba.dubbo.rpc.protocol.ProtocolFilterWrapper$1.invoke(ProtocolFilterWrapper.java:91)
	at com.alibaba.dubbo.rpc.filter.ClassLoaderFilter.invoke(ClassLoaderFilter.java:38)
	at com.alibaba.dubbo.rpc.protocol.ProtocolFilterWrapper$1.invoke(ProtocolFilterWrapper.java:91)
	at com.alibaba.dubbo.rpc.filter.EchoFilter.invoke(EchoFilter.java:38)
	at com.alibaba.dubbo.rpc.protocol.ProtocolFilterWrapper$1.invoke(ProtocolFilterWrapper.java:91)
	at com.alibaba.dubbo.rpc.protocol.dubbo.DubboProtocol$1.reply(DubboProtocol.java:113)
	at com.alibaba.dubbo.remoting.exchange.support.header.HeaderExchangeHandler.handleRequest(HeaderExchangeHandler.java:84)
	at com.alibaba.dubbo.remoting.exchange.support.header.HeaderExchangeHandler.received(HeaderExchangeHandler.java:170)
	at com.alibaba.dubbo.remoting.transport.DecodeHandler.received(DecodeHandler.java:52)
	at com.alibaba.dubbo.remoting.transport.dispatcher.ChannelEventRunnable.run(ChannelEventRunnable.java:82)
	at java.util.concurrent.ThreadPoolExecutor.runWorker(ThreadPoolExecutor.java:1149)
	at java.util.concurrent.ThreadPoolExecutor$Worker.run(ThreadPoolExecutor.java:624)
	at java.lang.Thread.run(Thread.java:748)
[INFO][2018-11-03 10:14:29][com.ag.zhshan.account.service.BillService]===================舱单计费调用开始：
[INFO][2018-11-03 10:14:29][com.ag.zhshan.account.service.BillService]{"allPCntrs":[],"conditionMap":{"billNo":"03CK181103506"},"detailsLst":[],"operMan":"ZSGLCW","result":{"code":0,"success":true},"rigCntrs":[],"tenancyId":"ZSG"}
[INFO][2018-11-03 10:14:29][com.ag.zhshan.account.service.BillService]满足条件所有提单数量：1
[INFO][2018-11-03 10:14:29][com.ag.zhshan.account.service.BillService]满足条件所有箱数量：1
[INFO][2018-11-03 10:14:29][com.ag.zhshan.account.service.BillService]提单号03CK181103506开始处理！箱数量1个
[INFO][2018-11-03 10:14:29][com.ag.base.OriginalTableNameImpl]sql==
delete from accounts_details where  TENANCY_ID='ZSG' and BILL_NO='03CK181103506' and SETTLE_STATUS=0 and FEE_LIST_ID in('0101','6cf44a921efa4a64967621aa0fa7141a','4b6a5c6abf674945879702c00a1438be','4057b2637f7d487b946c359d2099dfbe','e8c618cd176140048a407441e24e4b46','0112','0102','0120','08a86b2c29ae46b59743f1d0b11c4d37','0114','02bce193e6ae443eaff442dd9a584ded','f55c3f4c42474140b65e6c550d636bfa','27243886e6104b1c91237410272dc7e1','40821ee033d64777a79f04c745b974a8','a2ba8401f46b4111ae1814416bd04f99','42a185d35d8646b7b2d1ee7ffd5f6b48','cbf080b4103e4c81ba5a7f22b4aa8b26','cab22d7518ce44f6bb46f4ed4d5caf36','96a2a76b9d4f4b928b755503b70c41f9','858c102c2e3343bcadd77c1dbe0cf681','686752e7f0444bd0813d353d85ee6451','6eac07769cae4ba6bf5d534cd8bef8a8','cda5b8d16a1a4a6b8cef21863d93c26f','480c54dafb034092adcb997341de9191','cd078d3c3c14465fae19046e0d5a7232') and REMITTINGITEM_ID is null and Is_Manual=0 and PAY_FLAG=0 and PRINTNO IS NULL
[INFO][2018-11-03 10:14:29][com.ag.zhshan.account.service.AccountDetailService]创建的费用明细数量:7
[INFO][2018-11-03 10:14:29][com.ag.zhshan.account.service.BillService]舱单计费调用结束，合计用时：291==========================
[INFO][2018-11-03 10:14:54][com.ag.zhshan.account.service.BillService]===================舱单计费调用开始：
[INFO][2018-11-03 10:14:54][com.ag.zhshan.account.service.BillService]{"allPCntrs":[],"conditionMap":{"billNo":"TM2018111002"},"detailsLst":[],"operMan":"ZSGHHD","result":{"code":0,"success":true},"rigCntrs":[],"tenancyId":"ZSG"}
[INFO][2018-11-03 10:14:54][com.ag.zhshan.account.service.BillService]满足条件所有提单数量：1
[INFO][2018-11-03 10:14:54][com.ag.zhshan.account.service.BillService]满足条件所有箱数量：4
[INFO][2018-11-03 10:14:54][com.ag.zhshan.account.service.BillService]提单号TM2018111002开始处理！箱数量4个
[INFO][2018-11-03 10:14:54][com.ag.base.OriginalTableNameImpl]sql==
delete from accounts_details where  TENANCY_ID='ZSG' and BILL_NO='TM2018111002' and SETTLE_STATUS=0 and FEE_LIST_ID in('0101','6cf44a921efa4a64967621aa0fa7141a','4b6a5c6abf674945879702c00a1438be','4057b2637f7d487b946c359d2099dfbe','e8c618cd176140048a407441e24e4b46','0112','0102','0120','08a86b2c29ae46b59743f1d0b11c4d37','0114','02bce193e6ae443eaff442dd9a584ded','f55c3f4c42474140b65e6c550d636bfa','27243886e6104b1c91237410272dc7e1','40821ee033d64777a79f04c745b974a8','a2ba8401f46b4111ae1814416bd04f99','42a185d35d8646b7b2d1ee7ffd5f6b48','cbf080b4103e4c81ba5a7f22b4aa8b26','cab22d7518ce44f6bb46f4ed4d5caf36','96a2a76b9d4f4b928b755503b70c41f9','858c102c2e3343bcadd77c1dbe0cf681','686752e7f0444bd0813d353d85ee6451','6eac07769cae4ba6bf5d534cd8bef8a8','cda5b8d16a1a4a6b8cef21863d93c26f','480c54dafb034092adcb997341de9191','cd078d3c3c14465fae19046e0d5a7232') and REMITTINGITEM_ID is null and Is_Manual=0 and PAY_FLAG=0 and PRINTNO IS NULL
[INFO][2018-11-03 10:14:54][com.ag.zhshan.account.service.AccountDetailService]创建的费用明细数量:24
[INFO][2018-11-03 10:14:54][com.ag.zhshan.account.service.BillService]舱单计费调用结束，合计用时：260==========================
[INFO][2018-11-03 10:15:38][com.ag.zhshan.account.service.ShipperCarService]===================拖运计费调用开始：
[INFO][2018-11-03 10:15:38][com.ag.zhshan.account.service.ShipperCarService]{"conditionMap":{"rpId":"9b2899bc-43be-423d-9154-d82540826a43"},"detailsLst":[],"operMan":"ZSCDZGY","receipts":[],"result":{"code":0,"success":true},"tenancyId":"ZSG"}
[ERROR][2018-11-03 10:15:38][com.alibaba.dubbo.rpc.filter.ExceptionFilter] [DUBBO] Got unchecked and undeclared exception which called by 192.168.1.8. service: com.ag.zhshan.account.dubboFace.IReceiptService, method: call, exception: java.lang.IllegalArgumentException: 外贸或码头拖车提柜出闸才计费！, dubbo version: dubbo, current host: 127.0.0.1
java.lang.IllegalArgumentException: 外贸或码头拖车提柜出闸才计费！
	at org.springframework.util.Assert.notNull(Assert.java:115)
	at com.ag.zhshan.account.service.ShipperCarService.getDataSource(ShipperCarService.java:176)
	at com.ag.zhshan.account.service.ShipperCarService.call(ShipperCarService.java:89)
	at sun.reflect.GeneratedMethodAccessor629.invoke(Unknown Source)
	at sun.reflect.DelegatingMethodAccessorImpl.invoke(DelegatingMethodAccessorImpl.java:43)
	at java.lang.reflect.Method.invoke(Method.java:498)
	at org.springframework.aop.support.AopUtils.invokeJoinpointUsingReflection(AopUtils.java:302)
	at org.springframework.aop.framework.ReflectiveMethodInvocation.invokeJoinpoint(ReflectiveMethodInvocation.java:190)
	at org.springframework.aop.framework.ReflectiveMethodInvocation.proceed(ReflectiveMethodInvocation.java:157)
	at org.springframework.transaction.interceptor.TransactionInterceptor$1.proceedWithInvocation(TransactionInterceptor.java:99)
	at org.springframework.transaction.interceptor.TransactionAspectSupport.invokeWithinTransaction(TransactionAspectSupport.java:281)
	at org.springframework.transaction.interceptor.TransactionInterceptor.invoke(TransactionInterceptor.java:96)
	at org.springframework.aop.framework.ReflectiveMethodInvocation.proceed(ReflectiveMethodInvocation.java:179)
	at org.springframework.aop.framework.JdkDynamicAopProxy.invoke(JdkDynamicAopProxy.java:208)
	at com.sun.proxy.$Proxy21.call(Unknown Source)
	at com.alibaba.dubbo.common.bytecode.Wrapper4.invokeMethod(Wrapper4.java)
	at com.alibaba.dubbo.rpc.proxy.javassist.JavassistProxyFactory$1.doInvoke(JavassistProxyFactory.java:46)
	at com.alibaba.dubbo.rpc.proxy.AbstractProxyInvoker.invoke(AbstractProxyInvoker.java:72)
	at com.alibaba.dubbo.rpc.protocol.InvokerWrapper.invoke(InvokerWrapper.java:53)
	at com.alibaba.dubbo.rpc.filter.ExceptionFilter.invoke(ExceptionFilter.java:64)
	at com.alibaba.dubbo.rpc.protocol.ProtocolFilterWrapper$1.invoke(ProtocolFilterWrapper.java:91)
	at com.alibaba.dubbo.monitor.support.MonitorFilter.invoke(MonitorFilter.java:75)
	at com.alibaba.dubbo.rpc.protocol.ProtocolFilterWrapper$1.invoke(ProtocolFilterWrapper.java:91)
	at com.alibaba.dubbo.rpc.filter.TimeoutFilter.invoke(TimeoutFilter.java:42)
	at com.alibaba.dubbo.rpc.protocol.ProtocolFilterWrapper$1.invoke(ProtocolFilterWrapper.java:91)
	at com.alibaba.dubbo.rpc.protocol.dubbo.filter.TraceFilter.invoke(TraceFilter.java:78)
	at com.alibaba.dubbo.rpc.protocol.ProtocolFilterWrapper$1.invoke(ProtocolFilterWrapper.java:91)
	at com.alibaba.dubbo.rpc.filter.ContextFilter.invoke(ContextFilter.java:70)
	at com.alibaba.dubbo.rpc.protocol.ProtocolFilterWrapper$1.invoke(ProtocolFilterWrapper.java:91)
	at com.alibaba.dubbo.rpc.filter.GenericFilter.invoke(GenericFilter.java:132)
	at com.alibaba.dubbo.rpc.protocol.ProtocolFilterWrapper$1.invoke(ProtocolFilterWrapper.java:91)
	at com.alibaba.dubbo.rpc.filter.ClassLoaderFilter.invoke(ClassLoaderFilter.java:38)
	at com.alibaba.dubbo.rpc.protocol.ProtocolFilterWrapper$1.invoke(ProtocolFilterWrapper.java:91)
	at com.alibaba.dubbo.rpc.filter.EchoFilter.invoke(EchoFilter.java:38)
	at com.alibaba.dubbo.rpc.protocol.ProtocolFilterWrapper$1.invoke(ProtocolFilterWrapper.java:91)
	at com.alibaba.dubbo.rpc.protocol.dubbo.DubboProtocol$1.reply(DubboProtocol.java:113)
	at com.alibaba.dubbo.remoting.exchange.support.header.HeaderExchangeHandler.handleRequest(HeaderExchangeHandler.java:84)
	at com.alibaba.dubbo.remoting.exchange.support.header.HeaderExchangeHandler.received(HeaderExchangeHandler.java:170)
	at com.alibaba.dubbo.remoting.transport.DecodeHandler.received(DecodeHandler.java:52)
	at com.alibaba.dubbo.remoting.transport.dispatcher.ChannelEventRunnable.run(ChannelEventRunnable.java:82)
	at java.util.concurrent.ThreadPoolExecutor.runWorker(ThreadPoolExecutor.java:1149)
	at java.util.concurrent.ThreadPoolExecutor$Worker.run(ThreadPoolExecutor.java:624)
	at java.lang.Thread.run(Thread.java:748)
[INFO][2018-11-03 10:16:07][com.ag.zhshan.account.service.BillService]===================舱单计费调用开始：
[INFO][2018-11-03 10:16:07][com.ag.zhshan.account.service.BillService]{"allPCntrs":[],"conditionMap":{"billNo":"03HU181105172"},"detailsLst":[],"operMan":"ZSGCWHULYC","result":{"code":0,"success":true},"rigCntrs":[],"tenancyId":"ZSG"}
[INFO][2018-11-03 10:16:07][com.ag.zhshan.account.service.BillService]满足条件所有提单数量：1
[INFO][2018-11-03 10:16:07][com.ag.zhshan.account.service.BillService]满足条件所有箱数量：1
[INFO][2018-11-03 10:16:07][com.ag.zhshan.account.service.BillService]提单号03HU181105172开始处理！箱数量1个
[INFO][2018-11-03 10:16:07][com.ag.zhshan.account.service.ShipperCarService]===================拖运计费调用开始：
[INFO][2018-11-03 10:16:07][com.ag.zhshan.account.service.ShipperCarService]{"conditionMap":{"rpId":"88236355-cbd0-4679-b3e2-cc51508b4c74"},"detailsLst":[],"operMan":"ZSGZKZZJ","receipts":[],"result":{"code":0,"success":true},"tenancyId":"ZSG"}
[INFO][2018-11-03 10:16:08][com.ag.base.OriginalTableNameImpl]sql==
delete from accounts_details where  TENANCY_ID='ZSG' and BILL_NO='03HU181105172' and SETTLE_STATUS=0 and FEE_LIST_ID in('0101','6cf44a921efa4a64967621aa0fa7141a','4b6a5c6abf674945879702c00a1438be','4057b2637f7d487b946c359d2099dfbe','e8c618cd176140048a407441e24e4b46','0112','0102','0120','08a86b2c29ae46b59743f1d0b11c4d37','0114','02bce193e6ae443eaff442dd9a584ded','f55c3f4c42474140b65e6c550d636bfa','27243886e6104b1c91237410272dc7e1','40821ee033d64777a79f04c745b974a8','a2ba8401f46b4111ae1814416bd04f99','42a185d35d8646b7b2d1ee7ffd5f6b48','cbf080b4103e4c81ba5a7f22b4aa8b26','cab22d7518ce44f6bb46f4ed4d5caf36','96a2a76b9d4f4b928b755503b70c41f9','858c102c2e3343bcadd77c1dbe0cf681','686752e7f0444bd0813d353d85ee6451','6eac07769cae4ba6bf5d534cd8bef8a8','cda5b8d16a1a4a6b8cef21863d93c26f','480c54dafb034092adcb997341de9191','cd078d3c3c14465fae19046e0d5a7232') and REMITTINGITEM_ID is null and Is_Manual=0 and PAY_FLAG=0 and PRINTNO IS NULL
[INFO][2018-11-03 10:16:08][com.ag.zhshan.account.service.AccountDetailService]创建的费用明细数量:8
[INFO][2018-11-03 10:16:08][com.ag.zhshan.account.service.BillService]舱单计费调用结束，合计用时：331==========================
[INFO][2018-11-03 10:16:08][com.ag.base.OriginalTableNameImpl]sql==
delete from accounts_details where  BUSSINESS_CODE='88236355-cbd0-4679-b3e2-cc51508b4c74' and TENANCY_ID='ZSG' and SETTLE_STATUS=0 and FEE_LIST_ID in('da0d071344c2446198d4ea4bdd05c63e','0222','b5c7ffe860274ea785ef3482e14ffb81','022201','fbba1752c5f044218fe8838b705169b9','9a29e9f7784646d395fd3af3b3c21377','ab7001972c564366a449ecdd5b364e90','5076d41ef9124ed5824b0606d1c28ff8','7ab6a08042944c348e6a2dbdcfb241b3','29e29df7ab804751aebc9388b6e54810','497d472d16dd4c9e99dee45bbacc6961','c7592353553349bfa008a30fcb840653','5bc3c52c38034095a863729ce4674c9d') and REMITTINGITEM_ID is null and Is_Manual=0 and PAY_FLAG=0 and PRINTNO IS NULL
[INFO][2018-11-03 10:16:08][com.ag.zhshan.account.service.AccountDetailService]创建的费用明细数量:6
[INFO][2018-11-03 10:16:08][com.ag.zhshan.account.service.ShipperCarService]拖运计费调用结束，合计用时：324===================
[INFO][2018-11-03 10:16:53][com.ag.zhshan.account.service.ShipperCarService]===================拖运计费调用开始：
[INFO][2018-11-03 10:16:53][com.ag.zhshan.account.service.ShipperCarService]{"conditionMap":{"rpId":"798FA41A722B1018E05328DE433A1C74"},"detailsLst":[],"operMan":"ZSGZKZZJ","receipts":[],"result":{"code":0,"success":true},"tenancyId":"ZSG"}
[INFO][2018-11-03 10:16:53][com.ag.base.OriginalTableNameImpl]sql==
delete from accounts_details where  BUSSINESS_CODE='798FA41A722B1018E05328DE433A1C74' and TENANCY_ID='ZSG' and SETTLE_STATUS=0 and FEE_LIST_ID in('da0d071344c2446198d4ea4bdd05c63e','0222','b5c7ffe860274ea785ef3482e14ffb81','022201','fbba1752c5f044218fe8838b705169b9','9a29e9f7784646d395fd3af3b3c21377','ab7001972c564366a449ecdd5b364e90','5076d41ef9124ed5824b0606d1c28ff8','7ab6a08042944c348e6a2dbdcfb241b3','29e29df7ab804751aebc9388b6e54810','497d472d16dd4c9e99dee45bbacc6961','c7592353553349bfa008a30fcb840653','5bc3c52c38034095a863729ce4674c9d') and REMITTINGITEM_ID is null and Is_Manual=0 and PAY_FLAG=0 and PRINTNO IS NULL
[INFO][2018-11-03 10:16:53][com.ag.zhshan.account.service.AccountDetailService]创建的费用明细数量:6
[INFO][2018-11-03 10:16:53][com.ag.zhshan.account.service.ShipperCarService]拖运计费调用结束，合计用时：230===================
[INFO][2018-11-03 10:19:09][com.ag.zhshan.account.service.ShipperCarService]===================拖运计费调用开始：
[INFO][2018-11-03 10:19:09][com.ag.zhshan.account.service.ShipperCarService]{"conditionMap":{"rpId":"2d8e3877-0e61-4dc6-ac0a-2dafa1c6a42f"},"detailsLst":[],"operMan":"ZSGZKZZJ","receipts":[],"result":{"code":0,"success":true},"tenancyId":"ZSG"}
[INFO][2018-11-03 10:19:09][com.ag.base.OriginalTableNameImpl]sql==
delete from accounts_details where  BUSSINESS_CODE='2d8e3877-0e61-4dc6-ac0a-2dafa1c6a42f' and TENANCY_ID='ZSG' and SETTLE_STATUS=0 and FEE_LIST_ID in('da0d071344c2446198d4ea4bdd05c63e','0222','b5c7ffe860274ea785ef3482e14ffb81','022201','fbba1752c5f044218fe8838b705169b9','9a29e9f7784646d395fd3af3b3c21377','ab7001972c564366a449ecdd5b364e90','5076d41ef9124ed5824b0606d1c28ff8','7ab6a08042944c348e6a2dbdcfb241b3','29e29df7ab804751aebc9388b6e54810','497d472d16dd4c9e99dee45bbacc6961','c7592353553349bfa008a30fcb840653','5bc3c52c38034095a863729ce4674c9d') and REMITTINGITEM_ID is null and Is_Manual=0 and PAY_FLAG=0 and PRINTNO IS NULL
[INFO][2018-11-03 10:19:09][com.ag.zhshan.account.service.AccountDetailService]创建的费用明细数量:6
[INFO][2018-11-03 10:19:09][com.ag.zhshan.account.service.ShipperCarService]拖运计费调用结束，合计用时：271===================
[INFO][2018-11-03 10:19:21][com.ag.zhshan.account.service.ShipperCarService]===================拖运计费调用开始：
[INFO][2018-11-03 10:19:21][com.ag.zhshan.account.service.ShipperCarService]{"conditionMap":{"rpId":"bd01f7c3-b3b5-4ae1-81eb-b8841751b0f9"},"detailsLst":[],"operMan":"zsyt","receipts":[],"result":{"code":0,"success":true},"tenancyId":"ZSG"}
[ERROR][2018-11-03 10:19:21][com.alibaba.dubbo.rpc.filter.ExceptionFilter] [DUBBO] Got unchecked and undeclared exception which called by 192.168.1.8. service: com.ag.zhshan.account.dubboFace.IReceiptService, method: call, exception: java.lang.IllegalArgumentException: 外贸或码头拖车提柜出闸才计费！, dubbo version: dubbo, current host: 127.0.0.1
java.lang.IllegalArgumentException: 外贸或码头拖车提柜出闸才计费！
	at org.springframework.util.Assert.notNull(Assert.java:115)
	at com.ag.zhshan.account.service.ShipperCarService.getDataSource(ShipperCarService.java:176)
	at com.ag.zhshan.account.service.ShipperCarService.call(ShipperCarService.java:89)
	at sun.reflect.GeneratedMethodAccessor629.invoke(Unknown Source)
	at sun.reflect.DelegatingMethodAccessorImpl.invoke(DelegatingMethodAccessorImpl.java:43)
	at java.lang.reflect.Method.invoke(Method.java:498)
	at org.springframework.aop.support.AopUtils.invokeJoinpointUsingReflection(AopUtils.java:302)
	at org.springframework.aop.framework.ReflectiveMethodInvocation.invokeJoinpoint(ReflectiveMethodInvocation.java:190)
	at org.springframework.aop.framework.ReflectiveMethodInvocation.proceed(ReflectiveMethodInvocation.java:157)
	at org.springframework.transaction.interceptor.TransactionInterceptor$1.proceedWithInvocation(TransactionInterceptor.java:99)
	at org.springframework.transaction.interceptor.TransactionAspectSupport.invokeWithinTransaction(TransactionAspectSupport.java:281)
	at org.springframework.transaction.interceptor.TransactionInterceptor.invoke(TransactionInterceptor.java:96)
	at org.springframework.aop.framework.ReflectiveMethodInvocation.proceed(ReflectiveMethodInvocation.java:179)
	at org.springframework.aop.framework.JdkDynamicAopProxy.invoke(JdkDynamicAopProxy.java:208)
	at com.sun.proxy.$Proxy21.call(Unknown Source)
	at com.alibaba.dubbo.common.bytecode.Wrapper4.invokeMethod(Wrapper4.java)
	at com.alibaba.dubbo.rpc.proxy.javassist.JavassistProxyFactory$1.doInvoke(JavassistProxyFactory.java:46)
	at com.alibaba.dubbo.rpc.proxy.AbstractProxyInvoker.invoke(AbstractProxyInvoker.java:72)
	at com.alibaba.dubbo.rpc.protocol.InvokerWrapper.invoke(InvokerWrapper.java:53)
	at com.alibaba.dubbo.rpc.filter.ExceptionFilter.invoke(ExceptionFilter.java:64)
	at com.alibaba.dubbo.rpc.protocol.ProtocolFilterWrapper$1.invoke(ProtocolFilterWrapper.java:91)
	at com.alibaba.dubbo.monitor.support.MonitorFilter.invoke(MonitorFilter.java:75)
	at com.alibaba.dubbo.rpc.protocol.ProtocolFilterWrapper$1.invoke(ProtocolFilterWrapper.java:91)
	at com.alibaba.dubbo.rpc.filter.TimeoutFilter.invoke(TimeoutFilter.java:42)
	at com.alibaba.dubbo.rpc.protocol.ProtocolFilterWrapper$1.invoke(ProtocolFilterWrapper.java:91)
	at com.alibaba.dubbo.rpc.protocol.dubbo.filter.TraceFilter.invoke(TraceFilter.java:78)
	at com.alibaba.dubbo.rpc.protocol.ProtocolFilterWrapper$1.invoke(ProtocolFilterWrapper.java:91)
	at com.alibaba.dubbo.rpc.filter.ContextFilter.invoke(ContextFilter.java:70)
	at com.alibaba.dubbo.rpc.protocol.ProtocolFilterWrapper$1.invoke(ProtocolFilterWrapper.java:91)
	at com.alibaba.dubbo.rpc.filter.GenericFilter.invoke(GenericFilter.java:132)
	at com.alibaba.dubbo.rpc.protocol.ProtocolFilterWrapper$1.invoke(ProtocolFilterWrapper.java:91)
	at com.alibaba.dubbo.rpc.filter.ClassLoaderFilter.invoke(ClassLoaderFilter.java:38)
	at com.alibaba.dubbo.rpc.protocol.ProtocolFilterWrapper$1.invoke(ProtocolFilterWrapper.java:91)
	at com.alibaba.dubbo.rpc.filter.EchoFilter.invoke(EchoFilter.java:38)
	at com.alibaba.dubbo.rpc.protocol.ProtocolFilterWrapper$1.invoke(ProtocolFilterWrapper.java:91)
	at com.alibaba.dubbo.rpc.protocol.dubbo.DubboProtocol$1.reply(DubboProtocol.java:113)
	at com.alibaba.dubbo.remoting.exchange.support.header.HeaderExchangeHandler.handleRequest(HeaderExchangeHandler.java:84)
	at com.alibaba.dubbo.remoting.exchange.support.header.HeaderExchangeHandler.received(HeaderExchangeHandler.java:170)
	at com.alibaba.dubbo.remoting.transport.DecodeHandler.received(DecodeHandler.java:52)
	at com.alibaba.dubbo.remoting.transport.dispatcher.ChannelEventRunnable.run(ChannelEventRunnable.java:82)
	at java.util.concurrent.ThreadPoolExecutor.runWorker(ThreadPoolExecutor.java:1149)
	at java.util.concurrent.ThreadPoolExecutor$Worker.run(ThreadPoolExecutor.java:624)
	at java.lang.Thread.run(Thread.java:748)
